<?xml version="1.0" encoding="UTF-8"?>
<!-- Generated by org.testng.reporters.JUnitXMLReporter -->
<testsuite ignored="0" hostname="DESKTOP-DEA250D" failures="1" tests="4" name="Group7" time="0.068" errors="0" timestamp="2021-12-24T07:05:10 IST">
  <testcase classname="testframwork.Example2" name="m1" time="0.009"/>
  <testcase classname="testframwork.TestCasePractice" name="authentication" time="0.002"/>
  <testcase classname="testframwork.TestCasePractice" name="logInPage" time="0.002">
    <failure type="java.lang.ArithmeticException" message="/ by zero">
      <![CDATA[java.lang.ArithmeticException: / by zero
at testframwork.TestCasePractice.logInPage(TestCasePractice.java:10)
at java.base/java.util.ArrayList.forEach(ArrayList.java:1511)
... Removed 27 stack frames]]>
    </failure>
  </testcase> <!-- logInPage -->
  <testcase classname="testframwork.TestCasePractice" name="logOut" time="0.003"/>
</testsuite> <!-- Group7 -->
