<?xml version="1.0" encoding="UTF-8"?>
<!-- Generated by org.testng.reporters.JUnitXMLReporter -->
<testsuite ignored="0" hostname="DESKTOP-DEA250D" failures="1" tests="3" name="Zerodha" time="3.336" errors="0" timestamp="2021-12-29T06:54:07 IST">
  <testcase classname="testframwork.ListenerTest" name="kiteLogin" time="3.103">
    <failure type="java.lang.AssertionError" message="expected [https://zerodha.com] but found [https://zerodha.com/]">
      <![CDATA[java.lang.AssertionError: expected [https://zerodha.com] but found [https://zerodha.com/]
at testframwork.ListenerTest.kiteLogin(ListenerTest.java:18)
at java.base/java.util.ArrayList.forEach(ArrayList.java:1511)
... Removed 33 stack frames]]>
    </failure>
  </testcase> <!-- kiteLogin -->
  <testcase classname="testframwork.ListenerTest" name="home" time="0.0">
    <skipped/>
  </testcase> <!-- home -->
  <testcase classname="testframwork.ListenerTest" name="logOut" time="0.002"/>
</testsuite> <!-- Zerodha -->
