<?xml version="1.0" encoding="UTF-8"?>
<testng-results ignored="0" total="1" passed="1" failed="0" skipped="0">
  <reporter-output>
  </reporter-output>
  <suite started-at="2022-01-01T07:07:54 IST" name="Suite" finished-at="2022-01-01T07:07:55 IST" duration-ms="470">
    <groups>
    </groups>
    <test started-at="2022-01-01T07:07:54 IST" name="Test" finished-at="2022-01-01T07:07:55 IST" duration-ms="470">
      <class name="pomtest.LoginTest">
        <test-method is-config="true" signature="initDriver()[pri:0, instance:pomtest.LoginTest@428640fa]" started-at="2022-01-01T07:07:51 IST" name="initDriver" finished-at="2022-01-01T07:07:54 IST" duration-ms="3097" status="PASS">
          <reporter-output>
          </reporter-output>
        </test-method> <!-- initDriver -->
        <test-method is-config="true" signature="createObject()[pri:0, instance:pomtest.LoginTest@428640fa]" started-at="2022-01-01T07:07:54 IST" name="createObject" finished-at="2022-01-01T07:07:54 IST" duration-ms="2" status="PASS">
          <reporter-output>
          </reporter-output>
        </test-method> <!-- createObject -->
        <test-method signature="loginToApp()[pri:0, instance:pomtest.LoginTest@428640fa]" started-at="2022-01-01T07:07:54 IST" name="loginToApp" finished-at="2022-01-01T07:07:55 IST" duration-ms="390" status="PASS">
          <reporter-output>
          </reporter-output>
        </test-method> <!-- loginToApp -->
      </class> <!-- pomtest.LoginTest -->
    </test> <!-- Test -->
  </suite> <!-- Suite -->
</testng-results>
